<?xml version="1.0" encoding="UTF-8"?>
<!-- Generated by org.testng.reporters.JUnitReportReporter -->
<testsuite hostname="Dierk-Konigs-MacBook-Pro.local" name="extra_TestNG" tests="1" failures="0" timestamp="6 Feb 2015 16:00:59 GMT" time="0.001" errors="0">
  <testcase name="shouldAdd" time="0.001" classname="extra_TestNG"/>
</testsuite> <!-- extra_TestNG -->
